<?xml version="1.0" encoding="UTF-8"?>
<testsuite name="yahav.paint.PaintControllerTest" tests="2" skipped="0" failures="0" errors="0" timestamp="2021-04-13T15:30:55" hostname="unknown.Level3.net" time="2.903">
  <properties/>
  <testcase name="Color" classname="yahav.paint.PaintControllerTest" time="2.876"/>
  <testcase name="Erase" classname="yahav.paint.PaintControllerTest" time="0.026"/>
  <system-out><![CDATA[]]></system-out>
  <system-err><![CDATA[]]></system-err>
</testsuite>
